cl : command line  warning D9035: option 'Gm' has been deprecated and will be removed in a future release
  example1.cpp
D:\DHMT\BAITAPLON_DHMT\GLSLExperiment\example1.cpp(18,29): warning C4305: 'initializing': truncation from 'double' to 'float'
D:\DHMT\BAITAPLON_DHMT\GLSLExperiment\example1.cpp(45,40): warning C4305: 'argument': truncation from 'double' to 'GLfloat'
D:\DHMT\BAITAPLON_DHMT\GLSLExperiment\example1.cpp(46,40): warning C4305: 'argument': truncation from 'double' to 'GLfloat'
D:\DHMT\BAITAPLON_DHMT\GLSLExperiment\example1.cpp(47,61): warning C4305: 'argument': truncation from 'double' to 'GLfloat'
D:\DHMT\BAITAPLON_DHMT\GLSLExperiment\example1.cpp(153,11): warning C4244: 'initializing': conversion from 'double' to 'float', possible loss of data
D:\DHMT\BAITAPLON_DHMT\GLSLExperiment\example1.cpp(154,11): warning C4244: 'initializing': conversion from 'double' to 'float', possible loss of data
D:\DHMT\BAITAPLON_DHMT\GLSLExperiment\example1.cpp(255,11): warning C4244: 'initializing': conversion from 'double' to 'float', possible loss of data
D:\DHMT\BAITAPLON_DHMT\GLSLExperiment\example1.cpp(256,11): warning C4244: 'initializing': conversion from 'double' to 'float', possible loss of data
D:\DHMT\BAITAPLON_DHMT\GLSLExperiment\example1.cpp(289,11): warning C4244: 'initializing': conversion from 'double' to 'float', possible loss of data
D:\DHMT\BAITAPLON_DHMT\GLSLExperiment\example1.cpp(290,11): warning C4244: 'initializing': conversion from 'double' to 'float', possible loss of data
D:\DHMT\BAITAPLON_DHMT\GLSLExperiment\example1.cpp(292,11): warning C4244: '=': conversion from 'double' to 'float', possible loss of data
D:\DHMT\BAITAPLON_DHMT\GLSLExperiment\example1.cpp(293,11): warning C4244: '=': conversion from 'double' to 'float', possible loss of data
D:\DHMT\BAITAPLON_DHMT\GLSLExperiment\example1.cpp(294,48): warning C4305: 'argument': truncation from 'double' to 'GLfloat'
D:\DHMT\BAITAPLON_DHMT\GLSLExperiment\example1.cpp(295,11): warning C4244: '=': conversion from 'double' to 'float', possible loss of data
D:\DHMT\BAITAPLON_DHMT\GLSLExperiment\example1.cpp(296,11): warning C4244: '=': conversion from 'double' to 'float', possible loss of data
D:\DHMT\BAITAPLON_DHMT\GLSLExperiment\example1.cpp(297,49): warning C4305: 'argument': truncation from 'double' to 'GLfloat'
D:\DHMT\BAITAPLON_DHMT\GLSLExperiment\example1.cpp(371,54): warning C4244: 'argument': conversion from 'double' to 'GLfloat', possible loss of data
D:\DHMT\BAITAPLON_DHMT\GLSLExperiment\example1.cpp(371,39): warning C4244: 'argument': conversion from 'double' to 'GLfloat', possible loss of data
D:\DHMT\BAITAPLON_DHMT\GLSLExperiment\example1.cpp(371,24): warning C4244: 'argument': conversion from 'double' to 'GLfloat', possible loss of data
D:\DHMT\BAITAPLON_DHMT\GLSLExperiment\example1.cpp(482,62): warning C4305: 'argument': truncation from 'double' to 'const GLfloat'
D:\DHMT\BAITAPLON_DHMT\GLSLExperiment\example1.cpp(483,42): warning C4305: 'argument': truncation from 'double' to 'const GLfloat'
D:\DHMT\BAITAPLON_DHMT\GLSLExperiment\example1.cpp(484,50): warning C4305: 'argument': truncation from 'double' to 'const GLfloat'
D:\DHMT\BAITAPLON_DHMT\GLSLExperiment\example1.cpp(484,88): warning C4305: 'argument': truncation from 'double' to 'const GLfloat'
D:\DHMT\BAITAPLON_DHMT\GLSLExperiment\example1.cpp(485,49): warning C4305: 'argument': truncation from 'double' to 'const GLfloat'
D:\DHMT\BAITAPLON_DHMT\GLSLExperiment\example1.cpp(485,86): warning C4305: 'argument': truncation from 'double' to 'const GLfloat'
D:\DHMT\BAITAPLON_DHMT\GLSLExperiment\example1.cpp(486,49): warning C4305: 'argument': truncation from 'double' to 'const GLfloat'
D:\DHMT\BAITAPLON_DHMT\GLSLExperiment\example1.cpp(486,87): warning C4305: 'argument': truncation from 'double' to 'const GLfloat'
D:\DHMT\BAITAPLON_DHMT\GLSLExperiment\example1.cpp(487,44): warning C4305: 'argument': truncation from 'double' to 'const GLfloat'
D:\DHMT\BAITAPLON_DHMT\GLSLExperiment\example1.cpp(487,66): warning C4305: 'argument': truncation from 'double' to 'const GLfloat'
D:\DHMT\BAITAPLON_DHMT\GLSLExperiment\example1.cpp(488,48): warning C4305: 'argument': truncation from 'double' to 'const GLfloat'
D:\DHMT\BAITAPLON_DHMT\GLSLExperiment\example1.cpp(488,84): warning C4305: 'argument': truncation from 'double' to 'const GLfloat'
D:\DHMT\BAITAPLON_DHMT\GLSLExperiment\example1.cpp(489,48): warning C4305: 'argument': truncation from 'double' to 'const GLfloat'
D:\DHMT\BAITAPLON_DHMT\GLSLExperiment\example1.cpp(489,84): warning C4305: 'argument': truncation from 'double' to 'const GLfloat'
D:\DHMT\BAITAPLON_DHMT\GLSLExperiment\example1.cpp(490,48): warning C4305: 'argument': truncation from 'double' to 'const GLfloat'
D:\DHMT\BAITAPLON_DHMT\GLSLExperiment\example1.cpp(490,85): warning C4305: 'argument': truncation from 'double' to 'const GLfloat'
D:\DHMT\BAITAPLON_DHMT\GLSLExperiment\example1.cpp(491,48): warning C4305: 'argument': truncation from 'double' to 'const GLfloat'
D:\DHMT\BAITAPLON_DHMT\GLSLExperiment\example1.cpp(491,101): warning C4305: 'argument': truncation from 'double' to 'const GLfloat'
D:\DHMT\BAITAPLON_DHMT\GLSLExperiment\example1.cpp(492,48): warning C4305: 'argument': truncation from 'double' to 'const GLfloat'
D:\DHMT\BAITAPLON_DHMT\GLSLExperiment\example1.cpp(492,101): warning C4305: 'argument': truncation from 'double' to 'const GLfloat'
D:\DHMT\BAITAPLON_DHMT\GLSLExperiment\example1.cpp(493,48): warning C4305: 'argument': truncation from 'double' to 'const GLfloat'
D:\DHMT\BAITAPLON_DHMT\GLSLExperiment\example1.cpp(493,101): warning C4305: 'argument': truncation from 'double' to 'const GLfloat'
D:\DHMT\BAITAPLON_DHMT\GLSLExperiment\example1.cpp(494,48): warning C4305: 'argument': truncation from 'double' to 'const GLfloat'
D:\DHMT\BAITAPLON_DHMT\GLSLExperiment\example1.cpp(494,101): warning C4305: 'argument': truncation from 'double' to 'const GLfloat'
D:\DHMT\BAITAPLON_DHMT\GLSLExperiment\example1.cpp(495,48): warning C4305: 'argument': truncation from 'double' to 'const GLfloat'
D:\DHMT\BAITAPLON_DHMT\GLSLExperiment\example1.cpp(495,101): warning C4305: 'argument': truncation from 'double' to 'const GLfloat'
D:\DHMT\BAITAPLON_DHMT\GLSLExperiment\example1.cpp(496,45): warning C4305: 'argument': truncation from 'double' to 'const GLfloat'
D:\DHMT\BAITAPLON_DHMT\GLSLExperiment\example1.cpp(496,68): warning C4305: 'argument': truncation from 'double' to 'const GLfloat'
D:\DHMT\BAITAPLON_DHMT\GLSLExperiment\example1.cpp(506,40): warning C4305: 'argument': truncation from 'double' to 'const GLfloat'
D:\DHMT\BAITAPLON_DHMT\GLSLExperiment\example1.cpp(507,40): warning C4305: 'argument': truncation from 'double' to 'const GLfloat'
D:\DHMT\BAITAPLON_DHMT\GLSLExperiment\example1.cpp(507,75): warning C4305: 'argument': truncation from 'double' to 'const GLfloat'
D:\DHMT\BAITAPLON_DHMT\GLSLExperiment\example1.cpp(508,42): warning C4305: 'argument': truncation from 'double' to 'const GLfloat'
D:\DHMT\BAITAPLON_DHMT\GLSLExperiment\example1.cpp(508,65): warning C4305: 'argument': truncation from 'double' to 'const GLfloat'
D:\DHMT\BAITAPLON_DHMT\GLSLExperiment\example1.cpp(509,40): warning C4305: 'argument': truncation from 'double' to 'const GLfloat'
D:\DHMT\BAITAPLON_DHMT\GLSLExperiment\example1.cpp(509,64): warning C4305: 'argument': truncation from 'double' to 'const GLfloat'
D:\DHMT\BAITAPLON_DHMT\GLSLExperiment\example1.cpp(510,41): warning C4305: 'argument': truncation from 'double' to 'const GLfloat'
D:\DHMT\BAITAPLON_DHMT\GLSLExperiment\example1.cpp(510,64): warning C4305: 'argument': truncation from 'double' to 'const GLfloat'
D:\DHMT\BAITAPLON_DHMT\GLSLExperiment\example1.cpp(515,41): warning C4305: 'argument': truncation from 'double' to 'const GLfloat'
D:\DHMT\BAITAPLON_DHMT\GLSLExperiment\example1.cpp(515,64): warning C4305: 'argument': truncation from 'double' to 'const GLfloat'
D:\DHMT\BAITAPLON_DHMT\GLSLExperiment\example1.cpp(525,42): warning C4305: 'argument': truncation from 'double' to 'const GLfloat'
D:\DHMT\BAITAPLON_DHMT\GLSLExperiment\example1.cpp(526,42): warning C4305: 'argument': truncation from 'double' to 'const GLfloat'
D:\DHMT\BAITAPLON_DHMT\GLSLExperiment\example1.cpp(526,79): warning C4305: 'argument': truncation from 'double' to 'const GLfloat'
D:\DHMT\BAITAPLON_DHMT\GLSLExperiment\example1.cpp(528,47): warning C4305: 'argument': truncation from 'double' to 'const GLfloat'
D:\DHMT\BAITAPLON_DHMT\GLSLExperiment\example1.cpp(528,84): warning C4305: 'argument': truncation from 'double' to 'const GLfloat'
D:\DHMT\BAITAPLON_DHMT\GLSLExperiment\example1.cpp(529,44): warning C4305: 'argument': truncation from 'double' to 'const GLfloat'
D:\DHMT\BAITAPLON_DHMT\GLSLExperiment\example1.cpp(529,67): warning C4305: 'argument': truncation from 'double' to 'const GLfloat'
D:\DHMT\BAITAPLON_DHMT\GLSLExperiment\example1.cpp(531,46): warning C4305: 'argument': truncation from 'double' to 'const GLfloat'
D:\DHMT\BAITAPLON_DHMT\GLSLExperiment\example1.cpp(531,69): warning C4305: 'argument': truncation from 'double' to 'const GLfloat'
D:\DHMT\BAITAPLON_DHMT\GLSLExperiment\example1.cpp(532,47): warning C4305: 'argument': truncation from 'double' to 'const GLfloat'
D:\DHMT\BAITAPLON_DHMT\GLSLExperiment\example1.cpp(532,70): warning C4305: 'argument': truncation from 'double' to 'const GLfloat'
D:\DHMT\BAITAPLON_DHMT\GLSLExperiment\example1.cpp(534,65): warning C4305: 'argument': truncation from 'double' to 'const GLfloat'
D:\DHMT\BAITAPLON_DHMT\GLSLExperiment\example1.cpp(536,50): warning C4305: 'argument': truncation from 'double' to 'const GLfloat'
D:\DHMT\BAITAPLON_DHMT\GLSLExperiment\example1.cpp(536,87): warning C4305: 'argument': truncation from 'double' to 'const GLfloat'
D:\DHMT\BAITAPLON_DHMT\GLSLExperiment\example1.cpp(537,49): warning C4305: 'argument': truncation from 'double' to 'const GLfloat'
D:\DHMT\BAITAPLON_DHMT\GLSLExperiment\example1.cpp(537,86): warning C4305: 'argument': truncation from 'double' to 'const GLfloat'
D:\DHMT\BAITAPLON_DHMT\GLSLExperiment\example1.cpp(538,46): warning C4305: 'argument': truncation from 'double' to 'const GLfloat'
D:\DHMT\BAITAPLON_DHMT\GLSLExperiment\example1.cpp(538,69): warning C4305: 'argument': truncation from 'double' to 'const GLfloat'
D:\DHMT\BAITAPLON_DHMT\GLSLExperiment\example1.cpp(548,40): warning C4305: 'argument': truncation from 'double' to 'const GLfloat'
D:\DHMT\BAITAPLON_DHMT\GLSLExperiment\example1.cpp(550,43): warning C4305: 'argument': truncation from 'double' to 'const GLfloat'
D:\DHMT\BAITAPLON_DHMT\GLSLExperiment\example1.cpp(550,64): warning C4305: 'argument': truncation from 'double' to 'const GLfloat'
D:\DHMT\BAITAPLON_DHMT\GLSLExperiment\example1.cpp(551,43): warning C4305: 'argument': truncation from 'double' to 'const GLfloat'
D:\DHMT\BAITAPLON_DHMT\GLSLExperiment\example1.cpp(551,66): warning C4305: 'argument': truncation from 'double' to 'const GLfloat'
D:\DHMT\BAITAPLON_DHMT\GLSLExperiment\example1.cpp(553,44): warning C4305: 'argument': truncation from 'double' to 'const GLfloat'
D:\DHMT\BAITAPLON_DHMT\GLSLExperiment\example1.cpp(553,65): warning C4305: 'argument': truncation from 'double' to 'const GLfloat'
D:\DHMT\BAITAPLON_DHMT\GLSLExperiment\example1.cpp(554,44): warning C4305: 'argument': truncation from 'double' to 'const GLfloat'
D:\DHMT\BAITAPLON_DHMT\GLSLExperiment\example1.cpp(554,67): warning C4305: 'argument': truncation from 'double' to 'const GLfloat'
D:\DHMT\BAITAPLON_DHMT\GLSLExperiment\example1.cpp(556,48): warning C4305: 'argument': truncation from 'double' to 'const GLfloat'
D:\DHMT\BAITAPLON_DHMT\GLSLExperiment\example1.cpp(556,86): warning C4305: 'argument': truncation from 'double' to 'const GLfloat'
D:\DHMT\BAITAPLON_DHMT\GLSLExperiment\example1.cpp(557,49): warning C4305: 'argument': truncation from 'double' to 'const GLfloat'
D:\DHMT\BAITAPLON_DHMT\GLSLExperiment\example1.cpp(557,86): warning C4305: 'argument': truncation from 'double' to 'const GLfloat'
D:\DHMT\BAITAPLON_DHMT\GLSLExperiment\example1.cpp(559,49): warning C4305: 'argument': truncation from 'double' to 'const GLfloat'
D:\DHMT\BAITAPLON_DHMT\GLSLExperiment\example1.cpp(559,87): warning C4305: 'argument': truncation from 'double' to 'const GLfloat'
D:\DHMT\BAITAPLON_DHMT\GLSLExperiment\example1.cpp(560,50): warning C4305: 'argument': truncation from 'double' to 'const GLfloat'
D:\DHMT\BAITAPLON_DHMT\GLSLExperiment\example1.cpp(560,87): warning C4305: 'argument': truncation from 'double' to 'const GLfloat'
D:\DHMT\BAITAPLON_DHMT\GLSLExperiment\example1.cpp(562,49): warning C4305: 'argument': truncation from 'double' to 'const GLfloat'
D:\DHMT\BAITAPLON_DHMT\GLSLExperiment\example1.cpp(562,88): warning C4305: 'argument': truncation from 'double' to 'const GLfloat'
D:\DHMT\BAITAPLON_DHMT\GLSLExperiment\example1.cpp(563,50): warning C4305: 'argument': truncation from 'double' to 'const GLfloat'
D:\DHMT\BAITAPLON_DHMT\GLSLExperiment\example1.cpp(563,87): warning C4305: 'argument': truncation from 'double' to 'const GLfloat'
D:\DHMT\BAITAPLON_DHMT\GLSLExperiment\example1.cpp(565,50): warning C4305: 'argument': truncation from 'double' to 'const GLfloat'
D:\DHMT\BAITAPLON_DHMT\GLSLExperiment\example1.cpp(565,89): warning C4305: 'argument': truncation from 'double' to 'const GLfloat'
D:\DHMT\BAITAPLON_DHMT\GLSLExperiment\example1.cpp(566,51): warning C4305: 'argument': truncation from 'double' to 'const GLfloat'
D:\DHMT\BAITAPLON_DHMT\GLSLExperiment\example1.cpp(566,88): warning C4305: 'argument': truncation from 'double' to 'const GLfloat'
D:\DHMT\BAITAPLON_DHMT\GLSLExperiment\example1.cpp(577,40): warning C4305: 'argument': truncation from 'double' to 'const GLfloat'
D:\DHMT\BAITAPLON_DHMT\GLSLExperiment\example1.cpp(578,46): warning C4305: 'argument': truncation from 'double' to 'const GLfloat'
D:\DHMT\BAITAPLON_DHMT\GLSLExperiment\example1.cpp(578,69): warning C4305: 'argument': truncation from 'double' to 'const GLfloat'
D:\DHMT\BAITAPLON_DHMT\GLSLExperiment\example1.cpp(579,47): warning C4305: 'argument': truncation from 'double' to 'const GLfloat'
D:\DHMT\BAITAPLON_DHMT\GLSLExperiment\example1.cpp(579,70): warning C4305: 'argument': truncation from 'double' to 'const GLfloat'
D:\DHMT\BAITAPLON_DHMT\GLSLExperiment\example1.cpp(585,41): warning C4305: 'argument': truncation from 'double' to 'const GLfloat'
D:\DHMT\BAITAPLON_DHMT\GLSLExperiment\example1.cpp(585,78): warning C4305: 'argument': truncation from 'double' to 'const GLfloat'
D:\DHMT\BAITAPLON_DHMT\GLSLExperiment\example1.cpp(592,48): warning C4305: 'argument': truncation from 'double' to 'const GLfloat'
D:\DHMT\BAITAPLON_DHMT\GLSLExperiment\example1.cpp(592,70): warning C4305: 'argument': truncation from 'double' to 'const GLfloat'
D:\DHMT\BAITAPLON_DHMT\GLSLExperiment\example1.cpp(598,48): warning C4305: 'argument': truncation from 'double' to 'const GLfloat'
D:\DHMT\BAITAPLON_DHMT\GLSLExperiment\example1.cpp(598,73): warning C4305: 'argument': truncation from 'double' to 'const GLfloat'
D:\DHMT\BAITAPLON_DHMT\GLSLExperiment\example1.cpp(599,48): warning C4305: 'argument': truncation from 'double' to 'const GLfloat'
D:\DHMT\BAITAPLON_DHMT\GLSLExperiment\example1.cpp(599,70): warning C4305: 'argument': truncation from 'double' to 'const GLfloat'
D:\DHMT\BAITAPLON_DHMT\GLSLExperiment\example1.cpp(605,45): warning C4305: 'argument': truncation from 'double' to 'const GLfloat'
D:\DHMT\BAITAPLON_DHMT\GLSLExperiment\example1.cpp(605,70): warning C4305: 'argument': truncation from 'double' to 'const GLfloat'
D:\DHMT\BAITAPLON_DHMT\GLSLExperiment\example1.cpp(606,45): warning C4305: 'argument': truncation from 'double' to 'const GLfloat'
D:\DHMT\BAITAPLON_DHMT\GLSLExperiment\example1.cpp(606,69): warning C4305: 'argument': truncation from 'double' to 'const GLfloat'
D:\DHMT\BAITAPLON_DHMT\GLSLExperiment\example1.cpp(607,48): warning C4305: 'argument': truncation from 'double' to 'const GLfloat'
D:\DHMT\BAITAPLON_DHMT\GLSLExperiment\example1.cpp(607,70): warning C4305: 'argument': truncation from 'double' to 'const GLfloat'
D:\DHMT\BAITAPLON_DHMT\GLSLExperiment\example1.cpp(608,46): warning C4305: 'argument': truncation from 'double' to 'const GLfloat'
D:\DHMT\BAITAPLON_DHMT\GLSLExperiment\example1.cpp(608,69): warning C4305: 'argument': truncation from 'double' to 'const GLfloat'
D:\DHMT\BAITAPLON_DHMT\GLSLExperiment\example1.cpp(614,47): warning C4305: 'argument': truncation from 'double' to 'const GLfloat'
D:\DHMT\BAITAPLON_DHMT\GLSLExperiment\example1.cpp(614,70): warning C4305: 'argument': truncation from 'double' to 'const GLfloat'
D:\DHMT\BAITAPLON_DHMT\GLSLExperiment\example1.cpp(620,48): warning C4305: 'argument': truncation from 'double' to 'const GLfloat'
D:\DHMT\BAITAPLON_DHMT\GLSLExperiment\example1.cpp(620,72): warning C4305: 'argument': truncation from 'double' to 'const GLfloat'
D:\DHMT\BAITAPLON_DHMT\GLSLExperiment\example1.cpp(621,47): warning C4305: 'argument': truncation from 'double' to 'const GLfloat'
D:\DHMT\BAITAPLON_DHMT\GLSLExperiment\example1.cpp(621,71): warning C4305: 'argument': truncation from 'double' to 'const GLfloat'
D:\DHMT\BAITAPLON_DHMT\GLSLExperiment\example1.cpp(628,46): warning C4305: 'argument': truncation from 'double' to 'const GLfloat'
D:\DHMT\BAITAPLON_DHMT\GLSLExperiment\example1.cpp(628,69): warning C4305: 'argument': truncation from 'double' to 'const GLfloat'
D:\DHMT\BAITAPLON_DHMT\GLSLExperiment\example1.cpp(629,46): warning C4305: 'argument': truncation from 'double' to 'const GLfloat'
D:\DHMT\BAITAPLON_DHMT\GLSLExperiment\example1.cpp(629,82): warning C4305: 'argument': truncation from 'double' to 'const GLfloat'
D:\DHMT\BAITAPLON_DHMT\GLSLExperiment\example1.cpp(636,44): warning C4305: 'argument': truncation from 'double' to 'const GLfloat'
D:\DHMT\BAITAPLON_DHMT\GLSLExperiment\example1.cpp(636,98): warning C4305: 'argument': truncation from 'double' to 'const GLfloat'
D:\DHMT\BAITAPLON_DHMT\GLSLExperiment\example1.cpp(637,45): warning C4305: 'argument': truncation from 'double' to 'const GLfloat'
D:\DHMT\BAITAPLON_DHMT\GLSLExperiment\example1.cpp(637,98): warning C4305: 'argument': truncation from 'double' to 'const GLfloat'
D:\DHMT\BAITAPLON_DHMT\GLSLExperiment\example1.cpp(644,43): warning C4305: 'argument': truncation from 'double' to 'const GLfloat'
D:\DHMT\BAITAPLON_DHMT\GLSLExperiment\example1.cpp(644,96): warning C4305: 'argument': truncation from 'double' to 'const GLfloat'
D:\DHMT\BAITAPLON_DHMT\GLSLExperiment\example1.cpp(649,48): warning C4305: 'argument': truncation from 'double' to 'const GLfloat'
D:\DHMT\BAITAPLON_DHMT\GLSLExperiment\example1.cpp(649,99): warning C4305: 'argument': truncation from 'double' to 'const GLfloat'
D:\DHMT\BAITAPLON_DHMT\GLSLExperiment\example1.cpp(656,44): warning C4305: 'argument': truncation from 'double' to 'const GLfloat'
D:\DHMT\BAITAPLON_DHMT\GLSLExperiment\example1.cpp(656,97): warning C4305: 'argument': truncation from 'double' to 'const GLfloat'
D:\DHMT\BAITAPLON_DHMT\GLSLExperiment\example1.cpp(661,51): warning C4305: 'argument': truncation from 'double' to 'const GLfloat'
D:\DHMT\BAITAPLON_DHMT\GLSLExperiment\example1.cpp(661,102): warning C4305: 'argument': truncation from 'double' to 'const GLfloat'
D:\DHMT\BAITAPLON_DHMT\GLSLExperiment\example1.cpp(669,45): warning C4305: 'argument': truncation from 'double' to 'const GLfloat'
D:\DHMT\BAITAPLON_DHMT\GLSLExperiment\example1.cpp(669,82): warning C4305: 'argument': truncation from 'double' to 'const GLfloat'
D:\DHMT\BAITAPLON_DHMT\GLSLExperiment\example1.cpp(670,50): warning C4305: 'argument': truncation from 'double' to 'const GLfloat'
D:\DHMT\BAITAPLON_DHMT\GLSLExperiment\example1.cpp(670,86): warning C4305: 'argument': truncation from 'double' to 'const GLfloat'
D:\DHMT\BAITAPLON_DHMT\GLSLExperiment\example1.cpp(677,42): warning C4305: 'argument': truncation from 'double' to 'const GLfloat'
D:\DHMT\BAITAPLON_DHMT\GLSLExperiment\example1.cpp(677,66): warning C4305: 'argument': truncation from 'double' to 'const GLfloat'
D:\DHMT\BAITAPLON_DHMT\GLSLExperiment\example1.cpp(682,42): warning C4305: 'argument': truncation from 'double' to 'const GLfloat'
D:\DHMT\BAITAPLON_DHMT\GLSLExperiment\example1.cpp(682,66): warning C4305: 'argument': truncation from 'double' to 'const GLfloat'
D:\DHMT\BAITAPLON_DHMT\GLSLExperiment\example1.cpp(688,46): warning C4305: 'argument': truncation from 'double' to 'const GLfloat'
D:\DHMT\BAITAPLON_DHMT\GLSLExperiment\example1.cpp(688,100): warning C4305: 'argument': truncation from 'double' to 'const GLfloat'
D:\DHMT\BAITAPLON_DHMT\GLSLExperiment\example1.cpp(689,46): warning C4305: 'argument': truncation from 'double' to 'const GLfloat'
D:\DHMT\BAITAPLON_DHMT\GLSLExperiment\example1.cpp(689,72): warning C4305: 'argument': truncation from 'double' to 'const GLfloat'
D:\DHMT\BAITAPLON_DHMT\GLSLExperiment\example1.cpp(690,46): warning C4305: 'argument': truncation from 'double' to 'const GLfloat'
D:\DHMT\BAITAPLON_DHMT\GLSLExperiment\example1.cpp(690,72): warning C4305: 'argument': truncation from 'double' to 'const GLfloat'
D:\DHMT\BAITAPLON_DHMT\GLSLExperiment\example1.cpp(691,47): warning C4305: 'argument': truncation from 'double' to 'const GLfloat'
D:\DHMT\BAITAPLON_DHMT\GLSLExperiment\example1.cpp(691,73): warning C4305: 'argument': truncation from 'double' to 'const GLfloat'
D:\DHMT\BAITAPLON_DHMT\GLSLExperiment\example1.cpp(692,45): warning C4305: 'argument': truncation from 'double' to 'const GLfloat'
D:\DHMT\BAITAPLON_DHMT\GLSLExperiment\example1.cpp(692,71): warning C4305: 'argument': truncation from 'double' to 'const GLfloat'
D:\DHMT\BAITAPLON_DHMT\GLSLExperiment\example1.cpp(693,46): warning C4305: 'argument': truncation from 'double' to 'const GLfloat'
D:\DHMT\BAITAPLON_DHMT\GLSLExperiment\example1.cpp(693,72): warning C4305: 'argument': truncation from 'double' to 'const GLfloat'
D:\DHMT\BAITAPLON_DHMT\GLSLExperiment\example1.cpp(694,46): warning C4305: 'argument': truncation from 'double' to 'const GLfloat'
D:\DHMT\BAITAPLON_DHMT\GLSLExperiment\example1.cpp(694,72): warning C4305: 'argument': truncation from 'double' to 'const GLfloat'
D:\DHMT\BAITAPLON_DHMT\GLSLExperiment\example1.cpp(695,44): warning C4305: 'argument': truncation from 'double' to 'const GLfloat'
D:\DHMT\BAITAPLON_DHMT\GLSLExperiment\example1.cpp(695,70): warning C4305: 'argument': truncation from 'double' to 'const GLfloat'
D:\DHMT\BAITAPLON_DHMT\GLSLExperiment\example1.cpp(696,46): warning C4305: 'argument': truncation from 'double' to 'const GLfloat'
D:\DHMT\BAITAPLON_DHMT\GLSLExperiment\example1.cpp(696,72): warning C4305: 'argument': truncation from 'double' to 'const GLfloat'
D:\DHMT\BAITAPLON_DHMT\GLSLExperiment\example1.cpp(697,45): warning C4305: 'argument': truncation from 'double' to 'const GLfloat'
D:\DHMT\BAITAPLON_DHMT\GLSLExperiment\example1.cpp(697,71): warning C4305: 'argument': truncation from 'double' to 'const GLfloat'
D:\DHMT\BAITAPLON_DHMT\GLSLExperiment\example1.cpp(698,45): warning C4305: 'argument': truncation from 'double' to 'const GLfloat'
D:\DHMT\BAITAPLON_DHMT\GLSLExperiment\example1.cpp(698,71): warning C4305: 'argument': truncation from 'double' to 'const GLfloat'
D:\DHMT\BAITAPLON_DHMT\GLSLExperiment\example1.cpp(699,44): warning C4305: 'argument': truncation from 'double' to 'const GLfloat'
D:\DHMT\BAITAPLON_DHMT\GLSLExperiment\example1.cpp(699,70): warning C4305: 'argument': truncation from 'double' to 'const GLfloat'
D:\DHMT\BAITAPLON_DHMT\GLSLExperiment\example1.cpp(700,45): warning C4305: 'argument': truncation from 'double' to 'const GLfloat'
D:\DHMT\BAITAPLON_DHMT\GLSLExperiment\example1.cpp(700,71): warning C4305: 'argument': truncation from 'double' to 'const GLfloat'
D:\DHMT\BAITAPLON_DHMT\GLSLExperiment\example1.cpp(710,42): warning C4305: 'argument': truncation from 'double' to 'const GLfloat'
D:\DHMT\BAITAPLON_DHMT\GLSLExperiment\example1.cpp(715,42): warning C4305: 'argument': truncation from 'double' to 'const GLfloat'
D:\DHMT\BAITAPLON_DHMT\GLSLExperiment\example1.cpp(715,67): warning C4305: 'argument': truncation from 'double' to 'const GLfloat'
D:\DHMT\BAITAPLON_DHMT\GLSLExperiment\example1.cpp(716,44): warning C4305: 'argument': truncation from 'double' to 'const GLfloat'
D:\DHMT\BAITAPLON_DHMT\GLSLExperiment\example1.cpp(716,69): warning C4305: 'argument': truncation from 'double' to 'const GLfloat'
D:\DHMT\BAITAPLON_DHMT\GLSLExperiment\example1.cpp(727,57): warning C4305: 'argument': truncation from 'double' to 'const GLfloat'
D:\DHMT\BAITAPLON_DHMT\GLSLExperiment\example1.cpp(730,44): warning C4305: 'argument': truncation from 'double' to 'const GLfloat'
D:\DHMT\BAITAPLON_DHMT\GLSLExperiment\example1.cpp(730,82): warning C4305: 'argument': truncation from 'double' to 'const GLfloat'
D:\DHMT\BAITAPLON_DHMT\GLSLExperiment\example1.cpp(731,45): warning C4305: 'argument': truncation from 'double' to 'const GLfloat'
D:\DHMT\BAITAPLON_DHMT\GLSLExperiment\example1.cpp(731,83): warning C4305: 'argument': truncation from 'double' to 'const GLfloat'
D:\DHMT\BAITAPLON_DHMT\GLSLExperiment\example1.cpp(734,42): warning C4305: 'argument': truncation from 'double' to 'const GLfloat'
D:\DHMT\BAITAPLON_DHMT\GLSLExperiment\example1.cpp(734,61): warning C4305: 'argument': truncation from 'double' to 'const GLfloat'
D:\DHMT\BAITAPLON_DHMT\GLSLExperiment\example1.cpp(737,45): warning C4305: 'argument': truncation from 'double' to 'const GLfloat'
D:\DHMT\BAITAPLON_DHMT\GLSLExperiment\example1.cpp(737,83): warning C4305: 'argument': truncation from 'double' to 'const GLfloat'
D:\DHMT\BAITAPLON_DHMT\GLSLExperiment\example1.cpp(738,45): warning C4305: 'argument': truncation from 'double' to 'const GLfloat'
D:\DHMT\BAITAPLON_DHMT\GLSLExperiment\example1.cpp(738,83): warning C4305: 'argument': truncation from 'double' to 'const GLfloat'
D:\DHMT\BAITAPLON_DHMT\GLSLExperiment\example1.cpp(772,62): warning C4305: 'argument': truncation from 'double' to 'const GLfloat'
D:\DHMT\BAITAPLON_DHMT\GLSLExperiment\example1.cpp(773,45): warning C4305: 'argument': truncation from 'double' to 'const GLfloat'
D:\DHMT\BAITAPLON_DHMT\GLSLExperiment\example1.cpp(773,67): warning C4305: 'argument': truncation from 'double' to 'const GLfloat'
D:\DHMT\BAITAPLON_DHMT\GLSLExperiment\example1.cpp(774,43): warning C4305: 'argument': truncation from 'double' to 'const GLfloat'
D:\DHMT\BAITAPLON_DHMT\GLSLExperiment\example1.cpp(774,62): warning C4305: 'argument': truncation from 'double' to 'const GLfloat'
D:\DHMT\BAITAPLON_DHMT\GLSLExperiment\example1.cpp(775,45): warning C4305: 'argument': truncation from 'double' to 'const GLfloat'
D:\DHMT\BAITAPLON_DHMT\GLSLExperiment\example1.cpp(775,67): warning C4305: 'argument': truncation from 'double' to 'const GLfloat'
D:\DHMT\BAITAPLON_DHMT\GLSLExperiment\example1.cpp(777,65): warning C4305: 'argument': truncation from 'double' to 'const GLfloat'
D:\DHMT\BAITAPLON_DHMT\GLSLExperiment\example1.cpp(785,39): warning C4305: 'argument': truncation from 'double' to 'const GLfloat'
D:\DHMT\BAITAPLON_DHMT\GLSLExperiment\example1.cpp(788,38): warning C4305: 'argument': truncation from 'double' to 'const GLfloat'
D:\DHMT\BAITAPLON_DHMT\GLSLExperiment\example1.cpp(788,63): warning C4305: 'argument': truncation from 'double' to 'const GLfloat'
D:\DHMT\BAITAPLON_DHMT\GLSLExperiment\example1.cpp(788,108): warning C4305: 'argument': truncation from 'double' to 'const GLfloat'
D:\DHMT\BAITAPLON_DHMT\GLSLExperiment\example1.cpp(789,58): warning C4305: 'argument': truncation from 'double' to 'const GLfloat'
D:\DHMT\BAITAPLON_DHMT\GLSLExperiment\example1.cpp(790,60): warning C4305: 'argument': truncation from 'double' to 'const GLfloat'
D:\DHMT\BAITAPLON_DHMT\GLSLExperiment\example1.cpp(790,102): warning C4305: 'argument': truncation from 'double' to 'const GLfloat'
D:\DHMT\BAITAPLON_DHMT\GLSLExperiment\example1.cpp(790,153): warning C4305: 'argument': truncation from 'double' to 'const GLfloat'
D:\DHMT\BAITAPLON_DHMT\GLSLExperiment\example1.cpp(790,172): warning C4305: 'argument': truncation from 'double' to 'const GLfloat'
D:\DHMT\BAITAPLON_DHMT\GLSLExperiment\example1.cpp(791,61): warning C4305: 'argument': truncation from 'double' to 'const GLfloat'
D:\DHMT\BAITAPLON_DHMT\GLSLExperiment\example1.cpp(791,103): warning C4305: 'argument': truncation from 'double' to 'const GLfloat'
D:\DHMT\BAITAPLON_DHMT\GLSLExperiment\example1.cpp(791,154): warning C4305: 'argument': truncation from 'double' to 'const GLfloat'
D:\DHMT\BAITAPLON_DHMT\GLSLExperiment\example1.cpp(791,173): warning C4305: 'argument': truncation from 'double' to 'const GLfloat'
D:\DHMT\BAITAPLON_DHMT\GLSLExperiment\example1.cpp(792,42): warning C4305: 'argument': truncation from 'double' to 'const GLfloat'
D:\DHMT\BAITAPLON_DHMT\GLSLExperiment\example1.cpp(792,83): warning C4305: 'argument': truncation from 'double' to 'const GLfloat'
D:\DHMT\BAITAPLON_DHMT\GLSLExperiment\example1.cpp(792,128): warning C4305: 'argument': truncation from 'double' to 'const GLfloat'
D:\DHMT\BAITAPLON_DHMT\GLSLExperiment\example1.cpp(793,81): warning C4305: 'argument': truncation from 'double' to 'const GLfloat'
D:\DHMT\BAITAPLON_DHMT\GLSLExperiment\example1.cpp(794,39): warning C4305: 'argument': truncation from 'double' to 'const GLfloat'
D:\DHMT\BAITAPLON_DHMT\GLSLExperiment\example1.cpp(794,82): warning C4305: 'argument': truncation from 'double' to 'const GLfloat'
D:\DHMT\BAITAPLON_DHMT\GLSLExperiment\example1.cpp(795,39): warning C4305: 'argument': truncation from 'double' to 'const GLfloat'
D:\DHMT\BAITAPLON_DHMT\GLSLExperiment\example1.cpp(795,82): warning C4305: 'argument': truncation from 'double' to 'const GLfloat'
D:\DHMT\BAITAPLON_DHMT\GLSLExperiment\example1.cpp(796,40): warning C4305: 'argument': truncation from 'double' to 'const GLfloat'
D:\DHMT\BAITAPLON_DHMT\GLSLExperiment\example1.cpp(796,83): warning C4305: 'argument': truncation from 'double' to 'const GLfloat'
D:\DHMT\BAITAPLON_DHMT\GLSLExperiment\example1.cpp(831,61): warning C4305: 'argument': truncation from 'double' to 'const GLfloat'
D:\DHMT\BAITAPLON_DHMT\GLSLExperiment\example1.cpp(850,25): warning C4244: '+=': conversion from 'double' to 'float', possible loss of data
D:\DHMT\BAITAPLON_DHMT\GLSLExperiment\example1.cpp(851,25): warning C4244: '+=': conversion from 'double' to 'float', possible loss of data
D:\DHMT\BAITAPLON_DHMT\GLSLExperiment\example1.cpp(854,25): warning C4244: '-=': conversion from 'double' to 'float', possible loss of data
D:\DHMT\BAITAPLON_DHMT\GLSLExperiment\example1.cpp(855,25): warning C4244: '-=': conversion from 'double' to 'float', possible loss of data
D:\DHMT\BAITAPLON_DHMT\GLSLExperiment\example1.cpp(859,25): warning C4244: '-=': conversion from 'double' to 'float', possible loss of data
D:\DHMT\BAITAPLON_DHMT\GLSLExperiment\example1.cpp(863,25): warning C4244: '+=': conversion from 'double' to 'float', possible loss of data
D:\DHMT\BAITAPLON_DHMT\GLSLExperiment\example1.cpp(867,30): warning C4244: 'argument': conversion from 'double' to 'const GLfloat', possible loss of data
D:\DHMT\BAITAPLON_DHMT\GLSLExperiment\example1.cpp(870,30): warning C4244: 'argument': conversion from 'double' to 'const GLfloat', possible loss of data
D:\DHMT\BAITAPLON_DHMT\GLSLExperiment\example1.cpp(874,28): warning C4244: 'argument': conversion from 'double' to 'const GLfloat', possible loss of data
D:\DHMT\BAITAPLON_DHMT\GLSLExperiment\example1.cpp(877,28): warning C4244: 'argument': conversion from 'double' to 'const GLfloat', possible loss of data
D:\DHMT\BAITAPLON_DHMT\GLSLExperiment\example1.cpp(880,25): warning C4244: 'argument': conversion from 'double' to 'const GLfloat', possible loss of data
D:\DHMT\BAITAPLON_DHMT\GLSLExperiment\example1.cpp(883,25): warning C4244: 'argument': conversion from 'double' to 'const GLfloat', possible loss of data
D:\DHMT\BAITAPLON_DHMT\GLSLExperiment\example1.cpp(916,12): warning C4305: '+=': truncation from 'double' to 'float'
D:\DHMT\BAITAPLON_DHMT\GLSLExperiment\example1.cpp(921,12): warning C4305: '-=': truncation from 'double' to 'float'
  GLSLExperiment.vcxproj -> D:\DHMT\BAITAPLON_DHMT\Debug\GLSLExperiment.exe
